c:\users\valia\documents\visual studio 2015\projects\squaretowers\squaretowers\debug\vc140.pdb
c:\users\valia\documents\visual studio 2015\projects\squaretowers\squaretowers\debug\vc140.idb
c:\users\valia\documents\visual studio 2015\projects\squaretowers\squaretowers\debug\functions.obj
c:\users\valia\documents\visual studio 2015\projects\squaretowers\squaretowers\debug\maincore.obj
c:\users\valia\documents\visual studio 2015\projects\squaretowers\squaretowers\debug\init.obj
c:\users\valia\documents\visual studio 2015\projects\squaretowers\squaretowers\debug\close.obj
c:\users\valia\documents\visual studio 2015\projects\squaretowers\squaretowers\debug\loadtexturecpp.obj
c:\users\valia\documents\visual studio 2015\projects\squaretowers\squaretowers\debug\loadmedia.obj
c:\users\valia\documents\visual studio 2015\projects\squaretowers\squaretowers\debug\loadtext.obj
c:\users\valia\documents\visual studio 2015\projects\squaretowers\squaretowers\debug\loadtexture.obj
c:\users\valia\documents\visual studio 2015\projects\squaretowers\squaretowers\debug\vars.obj
c:\users\valia\documents\visual studio 2015\projects\squaretowers\squaretowers\debug\mouse.obj
c:\users\valia\documents\visual studio 2015\projects\squaretowers\debug\squaretowers.ilk
c:\users\valia\documents\visual studio 2015\projects\squaretowers\debug\squaretowers.exe
c:\users\valia\documents\visual studio 2015\projects\squaretowers\debug\squaretowers.pdb
c:\users\valia\documents\visual studio 2015\projects\squaretowers\squaretowers\debug\squaretowers.tlog\cl.command.1.tlog
c:\users\valia\documents\visual studio 2015\projects\squaretowers\squaretowers\debug\squaretowers.tlog\cl.read.1.tlog
c:\users\valia\documents\visual studio 2015\projects\squaretowers\squaretowers\debug\squaretowers.tlog\cl.write.1.tlog
c:\users\valia\documents\visual studio 2015\projects\squaretowers\squaretowers\debug\squaretowers.tlog\link.command.1.tlog
c:\users\valia\documents\visual studio 2015\projects\squaretowers\squaretowers\debug\squaretowers.tlog\link.read.1.tlog
c:\users\valia\documents\visual studio 2015\projects\squaretowers\squaretowers\debug\squaretowers.tlog\link.write.1.tlog
